[03:02:26] [main/INFO]: Loading Minecraft 1.20.6 with Fabric Loader 0.15.11
[03:02:26] [main/INFO]: Loading 40 mods:
	- fabric-api 0.100.2+1.20.6
	   |-- fabric-api-base 0.4.40+80f8cf51b0
	   |-- fabric-api-lookup-api-v1 1.6.59+e9d2a72bb0
	   |-- fabric-biome-api-v1 13.0.25+be5d88beb0
	   |-- fabric-block-api-v1 1.0.20+6dfe4c9bb0
	   |-- fabric-block-view-api-v2 1.0.8+80f8cf51b0
	   |-- fabric-blockrenderlayer-v1 1.1.50+80f8cf51b0
	   |-- fabric-client-tags-api-v1 1.1.12+7f945d5bb0
	   |-- fabric-command-api-v1 1.2.45+f71b366fb0
	   |-- fabric-command-api-v2 2.2.24+80f8cf51b0
	   |-- fabric-commands-v0 0.2.62+df3654b3b0
	   |-- fabric-content-registries-v0 8.0.6+b82b2392b0
	   |-- fabric-convention-tags-v1 2.0.7+7f945d5bb0
	   |-- fabric-convention-tags-v2 2.1.3+f4bfb622b0
	   |-- fabric-crash-report-info-v1 0.2.27+80f8cf51b0
	   |-- fabric-data-attachment-api-v1 1.1.17+2a2c66b6b0
	   |-- fabric-data-generation-api-v1 19.2.3+a5d5299db0
	   |-- fabric-dimensions-v1 2.1.68+94793913b0
	   |-- fabric-entity-events-v1 1.6.8+e9d2a72bb0
	   |-- fabric-events-interaction-v0 0.7.6+c5fc38b3b0
	   |-- fabric-game-rule-api-v1 1.0.50+80f8cf51b0
	   |-- fabric-item-api-v1 8.2.3+6e5bbc4ab0
	   |-- fabric-item-group-api-v1 4.1.1+f4bfb622b0
	   |-- fabric-key-binding-api-v1 1.0.45+80f8cf51b0
	   |-- fabric-keybindings-v0 0.2.43+df3654b3b0
	   |-- fabric-lifecycle-events-v1 2.3.4+c5fc38b3b0
	   |-- fabric-loot-api-v2 3.0.6+97f703dab0
	   |-- fabric-message-api-v1 6.0.11+a7dc0e41b0
	   |-- fabric-model-loading-api-v1 1.0.12+80f8cf51b0
	   |-- fabric-models-v0 0.4.11+9386d8a7b0
	   |-- fabric-networking-api-v1 4.2.0+a916f7c5b0
	   |-- fabric-object-builder-api-v1 15.1.5+c5fc38b3b0
	   |-- fabric-particles-v1 4.0.0+c5fc38b3b0
	   |-- fabric-recipe-api-v1 5.0.5+c5fc38b3b0
	   |-- fabric-registry-sync-v0 5.0.18+a916f7c5b0
	   |-- fabric-renderer-api-v1 3.2.12+97f703dab0
	   |-- fabric-renderer-indigo 1.5.14+41791025b0
	   |-- fabric-renderer-registries-v1 3.2.61+df3654b3b0
	   |-- fabric-rendering-data-attachment-v1 0.3.46+73761d2eb0
	   |-- fabric-rendering-fluids-v1 3.1.3+2c869dedb0
	   |-- fabric-rendering-v0 1.1.64+df3654b3b0
	   |-- fabric-rendering-v1 4.2.4+b21c00cbb0
	   |-- fabric-resource-conditions-api-v1 4.2.0+a5d5299db0
	   |-- fabric-resource-loader-v0 1.1.1+f4bfb622b0
	   |-- fabric-screen-api-v1 2.0.21+7b70ea8ab0
	   |-- fabric-screen-handler-api-v1 1.3.75+8c7b71c2b0
	   |-- fabric-sound-api-v1 1.0.21+c5fc38b3b0
	   |-- fabric-transfer-api-v1 5.1.6+c5fc38b3b0
	   \-- fabric-transitive-access-wideners-v1 6.0.10+74e2f560b0
	- fabricloader 0.15.11
	   \-- mixinextras 0.3.5
	- java 22
	- minecraft 1.20.6
[03:02:26] [main/INFO]: SpongePowered MIXIN Subsystem Version=0.8.5 Source=file:/E:/MINEAHHH/libraries/net/fabricmc/sponge-mixin/0.13.3+mixin.0.8.5/sponge-mixin-0.13.3+mixin.0.8.5.jar Service=Knot/Fabric Env=SERVER
[03:02:26] [main/INFO]: Compatibility level set to JAVA_17
[03:02:27] [main/INFO]: Initializing MixinExtras via com.llamalad7.mixinextras.service.MixinExtrasServiceImpl(version=0.3.5).
[03:02:34] [main/INFO]: Environment: Environment[sessionHost=https://sessionserver.mojang.com, servicesHost=https://api.minecraftservices.com, name=PROD]
[03:02:35] [main/INFO]: Loaded 1175 recipes
[03:02:35] [main/INFO]: Loaded 1276 advancements
[03:02:36] [main/INFO]: Applied 0 biome modifications to 0 of 64 new biomes in 1.328 ms
[03:02:36] [Server thread/INFO]: Starting minecraft server version 1.20.6
[03:02:36] [Server thread/INFO]: Loading properties
[03:02:36] [Server thread/INFO]: Default game type: SURVIVAL
[03:02:36] [Server thread/INFO]: Generating keypair
[03:02:36] [Server thread/INFO]: Starting Minecraft server on *:25565
[03:02:36] [Server thread/INFO]: Using default channel type
[03:02:36] [Server thread/INFO]: Preparing level "world"
[03:02:37] [Server thread/INFO]: Preparing start region for dimension minecraft:overworld
[03:02:38] [Worker-Main-2/INFO]: Preparing spawn area: 0%
[03:02:38] [Worker-Main-2/INFO]: Preparing spawn area: 0%
[03:02:38] [Worker-Main-9/INFO]: Preparing spawn area: 0%
[03:02:38] [Server thread/INFO]: Time elapsed: 1242 ms
[03:02:38] [Server thread/INFO]: Done (2.122s)! For help, type "help"
[14:25:13] [User Authenticator #1/INFO]: UUID of player xeno_ps is 3dc81f62-b6d6-4483-a29b-5c5e2d2a8a35
[14:25:16] [Server thread/INFO]: xeno_ps[/127.0.0.1:57469] logged in with entity id 16 at (-412.43220782464584, 71.5, 142.72308065352607)
[14:25:16] [Server thread/INFO]: xeno_ps joined the game
[14:50:29] [Server thread/INFO]: xeno_ps has made the advancement [A Seedy Place]
[15:21:24] [Server thread/INFO]: xeno_ps has made the advancement [What a Deal!]
[15:46:32] [Server thread/INFO]: [xeno_ps: Gave 264 [Oak Log] to xeno_ps]
[16:22:13] [Server thread/INFO]: xeno_ps lost connection: Disconnected
[16:22:13] [Server thread/INFO]: xeno_ps left the game
[16:22:29] [Server thread/INFO]: Stopping the server
[16:22:29] [Server thread/INFO]: Stopping server
[16:22:29] [Server thread/INFO]: Saving players
[16:22:29] [Server thread/INFO]: Saving worlds
[16:22:29] [Server thread/INFO]: Saving chunks for level 'ServerLevel[world]'/minecraft:overworld
[16:22:29] [Server thread/INFO]: Saving chunks for level 'ServerLevel[world]'/minecraft:the_nether
[16:22:29] [Server thread/INFO]: Saving chunks for level 'ServerLevel[world]'/minecraft:the_end
[16:22:29] [Server thread/INFO]: ThreadedAnvilChunkStorage (world): All chunks are saved
[16:22:29] [Server thread/INFO]: ThreadedAnvilChunkStorage (DIM-1): All chunks are saved
[16:22:29] [Server thread/INFO]: ThreadedAnvilChunkStorage (DIM1): All chunks are saved
[16:22:29] [Server thread/INFO]: ThreadedAnvilChunkStorage: All dimensions are saved
